SLF4J: Class path contains multiple SLF4J bindings.
SLF4J: Found binding in [jar:file:/D:/libs/Tess4J/Tess4J-3.4.1/lib/logback-classic-1.2.3.jar!/org/slf4j/impl/StaticLoggerBinder.class]
SLF4J: Found binding in [jar:file:/D:/libs/openIMAJ/slf4j-jdk14-1.5.6.jar!/org/slf4j/impl/StaticLoggerBinder.class]
SLF4J: See http://www.slf4j.org/codes.html#multiple_bindings for an explanation.
SLF4J: Actual binding is of type [ch.qos.logback.classic.util.ContextSelectorStaticBinder]
11:27:01.710 [main] INFO com.github.sarxos.webcam.Webcam - WebcamDefaultDriver capture driver will be used
11:27:01.745 [webcam-discovery-service] DEBUG com.github.sarxos.webcam.ds.buildin.WebcamDefaultDriver - Searching devices
11:27:05.054 [webcam-discovery-service] DEBUG com.github.sarxos.webcam.ds.buildin.WebcamDefaultDriver - Found device 1.3M WebCam 0
11:27:05.758 [Thread-6] DEBUG com.github.sarxos.webcam.Webcam - Setting new resolution 640x480
11:27:05.785 [Thread-6] DEBUG com.github.sarxos.webcam.WebcamLock - Lock Webcam 1.3M WebCam 0
11:27:05.817 [atomic-processor-1] INFO com.github.sarxos.webcam.ds.cgt.WebcamOpenTask - Opening webcam 1.3M WebCam 0
11:27:05.824 [atomic-processor-1] DEBUG com.github.sarxos.webcam.ds.buildin.WebcamDefaultDevice - Opening webcam device 1.3M WebCam 0
11:27:05.831 [atomic-processor-1] DEBUG com.github.sarxos.webcam.ds.buildin.WebcamDefaultDevice - Webcam device 0 starting session, size java.awt.Dimension[width=640,height=480]
11:27:06.937 [atomic-processor-1] DEBUG com.github.sarxos.webcam.ds.buildin.WebcamDefaultDevice - Webcam device session started
11:27:06.946 [atomic-processor-1] DEBUG com.github.sarxos.webcam.ds.buildin.WebcamDefaultDevice - Initialize buffer
11:27:08.068 [webcam-discovery-service] DEBUG com.github.sarxos.webcam.ds.buildin.WebcamDefaultDriver - Searching devices
11:27:10.370 [atomic-processor-1] DEBUG com.github.sarxos.webcam.ds.buildin.WebcamDefaultDevice - Webcam device com.github.sarxos.webcam.ds.buildin.WebcamDefaultDevice@1968f42 is now open
11:27:10.375 [Thread-6] DEBUG com.github.sarxos.webcam.Webcam - Webcam is now open 1.3M WebCam 0
11:27:10.390 [webcam-discovery-service] DEBUG com.github.sarxos.webcam.ds.buildin.WebcamDefaultDriver - Found device 1.3M WebCam 0
11:27:10.472 [Thread-6] DEBUG com.github.sarxos.webcam.WebcamPanel - Starting panel rendering and trying to open attached webcam
11:27:10.480 [Thread-6] DEBUG com.github.sarxos.webcam.Webcam - Closing webcam 1.3M WebCam 0
11:27:10.522 [atomic-processor-1] INFO com.github.sarxos.webcam.ds.cgt.WebcamCloseTask - Closing 1.3M WebCam 0
11:27:10.525 [atomic-processor-1] DEBUG com.github.sarxos.webcam.ds.buildin.WebcamDefaultDevice - Closing webcam device
11:27:10.832 [Thread-6] DEBUG com.github.sarxos.webcam.WebcamLock - Unlock Webcam 1.3M WebCam 0
11:27:10.835 [webcam-lock-[1.3M WebCam 0]] DEBUG com.github.sarxos.webcam.WebcamLock - Lock updater has been interrupted
11:27:10.858 [Thread-6] DEBUG com.github.sarxos.webcam.WebcamPanel - Stopping panel rendering and closing attached webcam
11:27:10.982 [Thread-6] DEBUG com.github.sarxos.webcam.Webcam - Webcam 1.3M WebCam 0 has been closed
11:27:10.986 [Thread-6] DEBUG com.github.sarxos.webcam.WebcamLock - Lock Webcam 1.3M WebCam 0
11:27:11.022 [atomic-processor-1] INFO com.github.sarxos.webcam.ds.cgt.WebcamOpenTask - Opening webcam 1.3M WebCam 0
11:27:11.026 [atomic-processor-1] DEBUG com.github.sarxos.webcam.ds.buildin.WebcamDefaultDevice - Opening webcam device 1.3M WebCam 0
11:27:11.031 [atomic-processor-1] DEBUG com.github.sarxos.webcam.ds.buildin.WebcamDefaultDevice - Webcam device 0 starting session, size java.awt.Dimension[width=640,height=480]
11:27:11.345 [atomic-processor-1] DEBUG com.github.sarxos.webcam.ds.buildin.WebcamDefaultDevice - Webcam device session started
11:27:11.348 [atomic-processor-1] DEBUG com.github.sarxos.webcam.ds.buildin.WebcamDefaultDevice - Initialize buffer
11:27:13.394 [webcam-discovery-service] DEBUG com.github.sarxos.webcam.ds.buildin.WebcamDefaultDriver - Searching devices
