SLF4J: Class path contains multiple SLF4J bindings.
SLF4J: Found binding in [jar:file:/D:/libs/Tess4J/Tess4J-3.4.1/lib/logback-classic-1.2.3.jar!/org/slf4j/impl/StaticLoggerBinder.class]
SLF4J: Found binding in [jar:file:/D:/libs/openIMAJ/slf4j-jdk14-1.5.6.jar!/org/slf4j/impl/StaticLoggerBinder.class]
SLF4J: See http://www.slf4j.org/codes.html#multiple_bindings for an explanation.
SLF4J: Actual binding is of type [ch.qos.logback.classic.util.ContextSelectorStaticBinder]
10:41:38.067 [main] INFO com.github.sarxos.webcam.Webcam - WebcamDefaultDriver capture driver will be used
10:41:38.084 [webcam-discovery-service] DEBUG com.github.sarxos.webcam.ds.buildin.WebcamDefaultDriver - Searching devices
10:41:39.754 [webcam-discovery-service] DEBUG com.github.sarxos.webcam.ds.buildin.WebcamDefaultDriver - Found device USB2.0 Camera 0
10:41:40.039 [Thread-6] DEBUG com.github.sarxos.webcam.Webcam - Setting new resolution 640x480
10:41:40.106 [Thread-6] DEBUG com.github.sarxos.webcam.WebcamLock - Lock Webcam USB2.0 Camera 0
10:41:40.126 [atomic-processor-1] INFO com.github.sarxos.webcam.ds.cgt.WebcamOpenTask - Opening webcam USB2.0 Camera 0
10:41:40.132 [atomic-processor-1] DEBUG com.github.sarxos.webcam.ds.buildin.WebcamDefaultDevice - Opening webcam device USB2.0 Camera 0
10:41:40.137 [atomic-processor-1] DEBUG com.github.sarxos.webcam.ds.buildin.WebcamDefaultDevice - Webcam device 0 starting session, size java.awt.Dimension[width=640,height=480]
10:41:40.448 [atomic-processor-1] DEBUG com.github.sarxos.webcam.ds.buildin.WebcamDefaultDevice - Webcam device session started
10:41:40.453 [atomic-processor-1] DEBUG com.github.sarxos.webcam.ds.buildin.WebcamDefaultDevice - Initialize buffer
10:41:42.764 [webcam-discovery-service] DEBUG com.github.sarxos.webcam.ds.buildin.WebcamDefaultDriver - Searching devices
10:41:43.973 [atomic-processor-1] DEBUG com.github.sarxos.webcam.ds.buildin.WebcamDefaultDevice - Webcam device com.github.sarxos.webcam.ds.buildin.WebcamDefaultDevice@eb02 is now open
10:41:43.976 [Thread-6] DEBUG com.github.sarxos.webcam.Webcam - Webcam is now open USB2.0 Camera 0
10:41:43.980 [Thread-6] DEBUG com.github.sarxos.webcam.WebcamPanel - Starting panel rendering and trying to open attached webcam
10:41:43.986 [webcam-discovery-service] DEBUG com.github.sarxos.webcam.ds.buildin.WebcamDefaultDriver - Found device USB2.0 Camera 0
10:41:44.000 [Thread-6] DEBUG com.github.sarxos.webcam.Webcam - Closing webcam USB2.0 Camera 0
10:41:44.075 [atomic-processor-1] INFO com.github.sarxos.webcam.ds.cgt.WebcamCloseTask - Closing USB2.0 Camera 0
10:41:44.077 [atomic-processor-1] DEBUG com.github.sarxos.webcam.ds.buildin.WebcamDefaultDevice - Closing webcam device
10:41:44.440 [Thread-6] DEBUG com.github.sarxos.webcam.WebcamLock - Unlock Webcam USB2.0 Camera 0
10:41:44.442 [webcam-lock-[USB2.0 Camera 0]] DEBUG com.github.sarxos.webcam.WebcamLock - Lock updater has been interrupted
10:41:44.455 [Thread-6] DEBUG com.github.sarxos.webcam.WebcamPanel - Stopping panel rendering and closing attached webcam
10:41:44.502 [Thread-6] DEBUG com.github.sarxos.webcam.Webcam - Webcam USB2.0 Camera 0 has been closed
10:41:44.505 [Thread-6] DEBUG com.github.sarxos.webcam.WebcamLock - Lock Webcam USB2.0 Camera 0
10:41:44.520 [atomic-processor-1] INFO com.github.sarxos.webcam.ds.cgt.WebcamOpenTask - Opening webcam USB2.0 Camera 0
10:41:44.524 [atomic-processor-1] DEBUG com.github.sarxos.webcam.ds.buildin.WebcamDefaultDevice - Opening webcam device USB2.0 Camera 0
10:41:44.528 [atomic-processor-1] DEBUG com.github.sarxos.webcam.ds.buildin.WebcamDefaultDevice - Webcam device 0 starting session, size java.awt.Dimension[width=640,height=480]
10:41:44.663 [atomic-processor-1] DEBUG com.github.sarxos.webcam.ds.buildin.WebcamDefaultDevice - Webcam device session started
10:41:44.665 [atomic-processor-1] DEBUG com.github.sarxos.webcam.ds.buildin.WebcamDefaultDevice - Initialize buffer
10:41:46.990 [webcam-discovery-service] DEBUG com.github.sarxos.webcam.ds.buildin.WebcamDefaultDriver - Searching devices
10:41:48.043 [atomic-processor-1] DEBUG com.github.sarxos.webcam.ds.buildin.WebcamDefaultDevice - Webcam device com.github.sarxos.webcam.ds.buildin.WebcamDefaultDevice@eb02 is now open
10:41:48.047 [Thread-6] DEBUG com.github.sarxos.webcam.Webcam - Webcam is now open USB2.0 Camera 0
10:41:48.050 [Thread-6] DEBUG com.github.sarxos.webcam.WebcamPanel - Starting panel rendering and trying to open attached webcam
10:41:48.059 [webcam-discovery-service] DEBUG com.github.sarxos.webcam.ds.buildin.WebcamDefaultDriver - Found device USB2.0 Camera 0
10:41:48.103 [Thread-6] DEBUG com.github.sarxos.webcam.Webcam - Webcam is already open USB2.0 Camera 0
10:41:51.062 [webcam-discovery-service] DEBUG com.github.sarxos.webcam.ds.buildin.WebcamDefaultDriver - Searching devices
10:41:51.137 [webcam-discovery-service] DEBUG com.github.sarxos.webcam.ds.buildin.WebcamDefaultDriver - Found device USB2.0 Camera 0
10:41:54.140 [webcam-discovery-service] DEBUG com.github.sarxos.webcam.ds.buildin.WebcamDefaultDriver - Searching devices
10:41:54.198 [webcam-discovery-service] DEBUG com.github.sarxos.webcam.ds.buildin.WebcamDefaultDriver - Found device USB2.0 Camera 0
10:41:57.201 [webcam-discovery-service] DEBUG com.github.sarxos.webcam.ds.buildin.WebcamDefaultDriver - Searching devices
10:41:57.352 [webcam-discovery-service] DEBUG com.github.sarxos.webcam.ds.buildin.WebcamDefaultDriver - Found device USB2.0 Camera 0
java.lang.NullPointerException
	at EasyKts.System.GeneralFunctions.getFitScreenScale(GeneralFunctions.java:34)
	at EasyKts.Controller.MainFrameController.setSurat(MainFrameController.java:450)
	at EasyKts.Common.FaceDetector.notifyController(FaceDetector.java:124)
	at EasyKts.Common.FaceDetector.access$400(FaceDetector.java:27)
	at EasyKts.Common.FaceDetector$1.run(FaceDetector.java:95)
	at java.lang.Thread.run(Thread.java:748)
10:42:00.356 [webcam-discovery-service] DEBUG com.github.sarxos.webcam.ds.buildin.WebcamDefaultDriver - Searching devices
10:42:00.399 [webcam-discovery-service] DEBUG com.github.sarxos.webcam.ds.buildin.WebcamDefaultDriver - Found device USB2.0 Camera 0
10:42:03.401 [webcam-discovery-service] DEBUG com.github.sarxos.webcam.ds.buildin.WebcamDefaultDriver - Searching devices
10:42:03.486 [webcam-discovery-service] DEBUG com.github.sarxos.webcam.ds.buildin.WebcamDefaultDriver - Found device USB2.0 Camera 0
10:42:06.490 [webcam-discovery-service] DEBUG com.github.sarxos.webcam.ds.buildin.WebcamDefaultDriver - Searching devices
10:42:06.686 [webcam-discovery-service] DEBUG com.github.sarxos.webcam.ds.buildin.WebcamDefaultDriver - Found device USB2.0 Camera 0
10:42:09.691 [webcam-discovery-service] DEBUG com.github.sarxos.webcam.ds.buildin.WebcamDefaultDriver - Searching devices
10:42:09.916 [webcam-discovery-service] DEBUG com.github.sarxos.webcam.ds.buildin.WebcamDefaultDriver - Found device USB2.0 Camera 0
10:42:12.922 [webcam-discovery-service] DEBUG com.github.sarxos.webcam.ds.buildin.WebcamDefaultDriver - Searching devices
10:42:13.034 [webcam-discovery-service] DEBUG com.github.sarxos.webcam.ds.buildin.WebcamDefaultDriver - Found device USB2.0 Camera 0
10:42:16.038 [webcam-discovery-service] DEBUG com.github.sarxos.webcam.ds.buildin.WebcamDefaultDriver - Searching devices
10:42:16.158 [webcam-discovery-service] DEBUG com.github.sarxos.webcam.ds.buildin.WebcamDefaultDriver - Found device USB2.0 Camera 0
10:42:19.160 [webcam-discovery-service] DEBUG com.github.sarxos.webcam.ds.buildin.WebcamDefaultDriver - Searching devices
10:42:19.286 [webcam-discovery-service] DEBUG com.github.sarxos.webcam.ds.buildin.WebcamDefaultDriver - Found device USB2.0 Camera 0
10:42:22.290 [webcam-discovery-service] DEBUG com.github.sarxos.webcam.ds.buildin.WebcamDefaultDriver - Searching devices
10:42:22.528 [webcam-discovery-service] DEBUG com.github.sarxos.webcam.ds.buildin.WebcamDefaultDriver - Found device USB2.0 Camera 0
1519976539970-1519976544090
10:42:25.532 [webcam-discovery-service] DEBUG com.github.sarxos.webcam.ds.buildin.WebcamDefaultDriver - Searching devices
10:42:25.755 [webcam-discovery-service] DEBUG com.github.sarxos.webcam.ds.buildin.WebcamDefaultDriver - Found device USB2.0 Camera 0
10:42:28.758 [webcam-discovery-service] DEBUG com.github.sarxos.webcam.ds.buildin.WebcamDefaultDriver - Searching devices
10:42:28.874 [webcam-discovery-service] DEBUG com.github.sarxos.webcam.ds.buildin.WebcamDefaultDriver - Found device USB2.0 Camera 0
Exception in thread "Thread-12" java.lang.NullPointerException
	at EasyKts.Common.BarcodeReader$1.run(BarcodeReader.java:79)
	at java.lang.Thread.run(Thread.java:748)
10:42:31.878 [webcam-discovery-service] DEBUG com.github.sarxos.webcam.ds.buildin.WebcamDefaultDriver - Searching devices
10:42:31.997 [webcam-discovery-service] DEBUG com.github.sarxos.webcam.ds.buildin.WebcamDefaultDriver - Found device USB2.0 Camera 0
10:42:35.000 [webcam-discovery-service] DEBUG com.github.sarxos.webcam.ds.buildin.WebcamDefaultDriver - Searching devices
10:42:35.254 [webcam-discovery-service] DEBUG com.github.sarxos.webcam.ds.buildin.WebcamDefaultDriver - Found device USB2.0 Camera 0
10:42:37.580 [AWT-EventQueue-0] DEBUG com.github.sarxos.webcam.Webcam - Closing webcam USB2.0 Camera 0
10:42:37.634 [atomic-processor-1] INFO com.github.sarxos.webcam.ds.cgt.WebcamCloseTask - Closing USB2.0 Camera 0
10:42:37.639 [atomic-processor-1] DEBUG com.github.sarxos.webcam.ds.buildin.WebcamDefaultDevice - Closing webcam device
10:42:37.905 [AWT-EventQueue-0] DEBUG com.github.sarxos.webcam.WebcamLock - Unlock Webcam USB2.0 Camera 0
10:42:37.910 [webcam-lock-[USB2.0 Camera 0]] DEBUG com.github.sarxos.webcam.WebcamLock - Lock updater has been interrupted
10:42:37.927 [AWT-EventQueue-0] DEBUG com.github.sarxos.webcam.WebcamPanel - Stopping panel rendering and closing attached webcam
10:42:37.933 [AWT-EventQueue-0] DEBUG com.github.sarxos.webcam.Webcam - Webcam USB2.0 Camera 0 has been closed
10:42:37.938 [AWT-EventQueue-0] DEBUG com.github.sarxos.webcam.WebcamLock - Lock Webcam USB2.0 Camera 0
10:42:37.956 [atomic-processor-1] INFO com.github.sarxos.webcam.ds.cgt.WebcamOpenTask - Opening webcam USB2.0 Camera 0
10:42:37.962 [atomic-processor-1] DEBUG com.github.sarxos.webcam.ds.buildin.WebcamDefaultDevice - Opening webcam device USB2.0 Camera 0
10:42:37.968 [atomic-processor-1] DEBUG com.github.sarxos.webcam.ds.buildin.WebcamDefaultDevice - Webcam device 0 starting session, size java.awt.Dimension[width=640,height=480]
10:42:38.098 [atomic-processor-1] DEBUG com.github.sarxos.webcam.ds.buildin.WebcamDefaultDevice - Webcam device session started
10:42:38.101 [atomic-processor-1] DEBUG com.github.sarxos.webcam.ds.buildin.WebcamDefaultDevice - Initialize buffer
10:42:38.259 [webcam-discovery-service] DEBUG com.github.sarxos.webcam.ds.buildin.WebcamDefaultDriver - Searching devices
10:42:41.588 [atomic-processor-1] DEBUG com.github.sarxos.webcam.ds.buildin.WebcamDefaultDevice - Webcam device com.github.sarxos.webcam.ds.buildin.WebcamDefaultDevice@eb02 is now open
10:42:41.591 [AWT-EventQueue-0] DEBUG com.github.sarxos.webcam.Webcam - Webcam is now open USB2.0 Camera 0
10:42:41.594 [AWT-EventQueue-0] DEBUG com.github.sarxos.webcam.WebcamPanel - Starting panel rendering and trying to open attached webcam
10:42:41.604 [webcam-discovery-service] DEBUG com.github.sarxos.webcam.ds.buildin.WebcamDefaultDriver - Found device USB2.0 Camera 0
10:42:41.605 [AWT-EventQueue-0] DEBUG com.github.sarxos.webcam.Webcam - Webcam is already open USB2.0 Camera 0
10:42:41.624 [shutdown-hook-3] INFO com.github.sarxos.webcam.WebcamShutdownHook - Automatic USB2.0 Camera 0 deallocation
10:42:41.628 [shutdown-hook-3] INFO com.github.sarxos.webcam.Webcam - Disposing webcam USB2.0 Camera 0
10:42:41.695 [atomic-processor-1] DEBUG com.github.sarxos.webcam.ds.buildin.WebcamDefaultDevice - Disposing webcam device USB2.0 Camera 0
10:42:41.794 [atomic-processor-1] DEBUG com.github.sarxos.webcam.ds.buildin.WebcamDefaultDevice - Closing webcam device
10:42:42.062 [shutdown-hook-3] DEBUG com.github.sarxos.webcam.WebcamPanel - Stopping panel rendering and closing attached webcam
10:42:42.065 [shutdown-hook-3] DEBUG com.github.sarxos.webcam.Webcam - Webcam disposed USB2.0 Camera 0
SLF4J: Class path contains multiple SLF4J bindings.
SLF4J: Found binding in [jar:file:/D:/libs/Tess4J/Tess4J-3.4.1/lib/logback-classic-1.2.3.jar!/org/slf4j/impl/StaticLoggerBinder.class]
SLF4J: Found binding in [jar:file:/D:/libs/openIMAJ/slf4j-jdk14-1.5.6.jar!/org/slf4j/impl/StaticLoggerBinder.class]
SLF4J: See http://www.slf4j.org/codes.html#multiple_bindings for an explanation.
SLF4J: Actual binding is of type [ch.qos.logback.classic.util.ContextSelectorStaticBinder]
10:44:55.308 [main] INFO com.github.sarxos.webcam.Webcam - WebcamDefaultDriver capture driver will be used
10:44:55.325 [webcam-discovery-service] DEBUG com.github.sarxos.webcam.ds.buildin.WebcamDefaultDriver - Searching devices
10:44:56.506 [webcam-discovery-service] DEBUG com.github.sarxos.webcam.ds.buildin.WebcamDefaultDriver - Found device USB2.0 Camera 0
10:44:56.849 [Thread-6] DEBUG com.github.sarxos.webcam.Webcam - Setting new resolution 640x480
10:44:56.886 [Thread-6] DEBUG com.github.sarxos.webcam.WebcamLock - Lock Webcam USB2.0 Camera 0
10:44:56.916 [atomic-processor-1] INFO com.github.sarxos.webcam.ds.cgt.WebcamOpenTask - Opening webcam USB2.0 Camera 0
10:44:56.922 [atomic-processor-1] DEBUG com.github.sarxos.webcam.ds.buildin.WebcamDefaultDevice - Opening webcam device USB2.0 Camera 0
10:44:56.928 [atomic-processor-1] DEBUG com.github.sarxos.webcam.ds.buildin.WebcamDefaultDevice - Webcam device 0 starting session, size java.awt.Dimension[width=640,height=480]
10:44:57.122 [atomic-processor-1] DEBUG com.github.sarxos.webcam.ds.buildin.WebcamDefaultDevice - Webcam device session started
10:44:57.126 [atomic-processor-1] DEBUG com.github.sarxos.webcam.ds.buildin.WebcamDefaultDevice - Initialize buffer
10:44:59.521 [webcam-discovery-service] DEBUG com.github.sarxos.webcam.ds.buildin.WebcamDefaultDriver - Searching devices
10:45:00.639 [atomic-processor-1] DEBUG com.github.sarxos.webcam.ds.buildin.WebcamDefaultDevice - Webcam device com.github.sarxos.webcam.ds.buildin.WebcamDefaultDevice@1850eca is now open
10:45:00.648 [Thread-6] DEBUG com.github.sarxos.webcam.Webcam - Webcam is now open USB2.0 Camera 0
10:45:00.655 [Thread-6] DEBUG com.github.sarxos.webcam.WebcamPanel - Starting panel rendering and trying to open attached webcam
10:45:00.664 [Thread-6] DEBUG com.github.sarxos.webcam.Webcam - Closing webcam USB2.0 Camera 0
10:45:00.670 [webcam-discovery-service] DEBUG com.github.sarxos.webcam.ds.buildin.WebcamDefaultDriver - Found device USB2.0 Camera 0
10:45:00.680 [atomic-processor-1] INFO com.github.sarxos.webcam.ds.cgt.WebcamCloseTask - Closing USB2.0 Camera 0
10:45:00.682 [atomic-processor-1] DEBUG com.github.sarxos.webcam.ds.buildin.WebcamDefaultDevice - Closing webcam device
10:45:00.942 [Thread-6] DEBUG com.github.sarxos.webcam.WebcamLock - Unlock Webcam USB2.0 Camera 0
10:45:00.944 [webcam-lock-[USB2.0 Camera 0]] DEBUG com.github.sarxos.webcam.WebcamLock - Lock updater has been interrupted
10:45:00.956 [Thread-6] DEBUG com.github.sarxos.webcam.WebcamPanel - Stopping panel rendering and closing attached webcam
10:45:01.166 [Thread-6] DEBUG com.github.sarxos.webcam.Webcam - Webcam USB2.0 Camera 0 has been closed
10:45:01.170 [Thread-6] DEBUG com.github.sarxos.webcam.WebcamLock - Lock Webcam USB2.0 Camera 0
10:45:01.194 [atomic-processor-1] INFO com.github.sarxos.webcam.ds.cgt.WebcamOpenTask - Opening webcam USB2.0 Camera 0
10:45:01.197 [atomic-processor-1] DEBUG com.github.sarxos.webcam.ds.buildin.WebcamDefaultDevice - Opening webcam device USB2.0 Camera 0
10:45:01.201 [atomic-processor-1] DEBUG com.github.sarxos.webcam.ds.buildin.WebcamDefaultDevice - Webcam device 0 starting session, size java.awt.Dimension[width=640,height=480]
10:45:01.413 [atomic-processor-1] DEBUG com.github.sarxos.webcam.ds.buildin.WebcamDefaultDevice - Webcam device session started
10:45:01.415 [atomic-processor-1] DEBUG com.github.sarxos.webcam.ds.buildin.WebcamDefaultDevice - Initialize buffer
10:45:03.677 [webcam-discovery-service] DEBUG com.github.sarxos.webcam.ds.buildin.WebcamDefaultDriver - Searching devices
10:45:04.913 [atomic-processor-1] DEBUG com.github.sarxos.webcam.ds.buildin.WebcamDefaultDevice - Webcam device com.github.sarxos.webcam.ds.buildin.WebcamDefaultDevice@1850eca is now open
10:45:04.917 [Thread-6] DEBUG com.github.sarxos.webcam.Webcam - Webcam is now open USB2.0 Camera 0
10:45:04.918 [Thread-6] DEBUG com.github.sarxos.webcam.WebcamPanel - Starting panel rendering and trying to open attached webcam
10:45:04.928 [webcam-discovery-service] DEBUG com.github.sarxos.webcam.ds.buildin.WebcamDefaultDriver - Found device USB2.0 Camera 0
10:45:04.940 [Thread-6] DEBUG com.github.sarxos.webcam.Webcam - Webcam is already open USB2.0 Camera 0
16938472
UPC_E
0-1519976707206
10:45:07.933 [webcam-discovery-service] DEBUG com.github.sarxos.webcam.ds.buildin.WebcamDefaultDriver - Searching devices
10:45:08.028 [webcam-discovery-service] DEBUG com.github.sarxos.webcam.ds.buildin.WebcamDefaultDriver - Found device USB2.0 Camera 0
10:45:11.031 [webcam-discovery-service] DEBUG com.github.sarxos.webcam.ds.buildin.WebcamDefaultDriver - Searching devices
10:45:11.146 [webcam-discovery-service] DEBUG com.github.sarxos.webcam.ds.buildin.WebcamDefaultDriver - Found device USB2.0 Camera 0
10:45:14.149 [webcam-discovery-service] DEBUG com.github.sarxos.webcam.ds.buildin.WebcamDefaultDriver - Searching devices
10:45:14.264 [webcam-discovery-service] DEBUG com.github.sarxos.webcam.ds.buildin.WebcamDefaultDriver - Found device USB2.0 Camera 0
10:45:17.267 [webcam-discovery-service] DEBUG com.github.sarxos.webcam.ds.buildin.WebcamDefaultDriver - Searching devices
10:45:17.389 [webcam-discovery-service] DEBUG com.github.sarxos.webcam.ds.buildin.WebcamDefaultDriver - Found device USB2.0 Camera 0
10:45:20.394 [webcam-discovery-service] DEBUG com.github.sarxos.webcam.ds.buildin.WebcamDefaultDriver - Searching devices
10:45:20.505 [webcam-discovery-service] DEBUG com.github.sarxos.webcam.ds.buildin.WebcamDefaultDriver - Found device USB2.0 Camera 0
10:45:23.508 [webcam-discovery-service] DEBUG com.github.sarxos.webcam.ds.buildin.WebcamDefaultDriver - Searching devices
10:45:23.740 [webcam-discovery-service] DEBUG com.github.sarxos.webcam.ds.buildin.WebcamDefaultDriver - Found device USB2.0 Camera 0
10:45:26.744 [webcam-discovery-service] DEBUG com.github.sarxos.webcam.ds.buildin.WebcamDefaultDriver - Searching devices
10:45:26.863 [webcam-discovery-service] DEBUG com.github.sarxos.webcam.ds.buildin.WebcamDefaultDriver - Found device USB2.0 Camera 0
10:45:29.866 [webcam-discovery-service] DEBUG com.github.sarxos.webcam.ds.buildin.WebcamDefaultDriver - Searching devices
10:45:29.981 [webcam-discovery-service] DEBUG com.github.sarxos.webcam.ds.buildin.WebcamDefaultDriver - Found device USB2.0 Camera 0
10:45:32.983 [webcam-discovery-service] DEBUG com.github.sarxos.webcam.ds.buildin.WebcamDefaultDriver - Searching devices
10:45:33.114 [webcam-discovery-service] DEBUG com.github.sarxos.webcam.ds.buildin.WebcamDefaultDriver - Found device USB2.0 Camera 0
10:45:36.117 [webcam-discovery-service] DEBUG com.github.sarxos.webcam.ds.buildin.WebcamDefaultDriver - Searching devices
10:45:36.346 [webcam-discovery-service] DEBUG com.github.sarxos.webcam.ds.buildin.WebcamDefaultDriver - Found device USB2.0 Camera 0
10:45:39.350 [webcam-discovery-service] DEBUG com.github.sarxos.webcam.ds.buildin.WebcamDefaultDriver - Searching devices
10:45:39.478 [webcam-discovery-service] DEBUG com.github.sarxos.webcam.ds.buildin.WebcamDefaultDriver - Found device USB2.0 Camera 0
10:45:42.480 [webcam-discovery-service] DEBUG com.github.sarxos.webcam.ds.buildin.WebcamDefaultDriver - Searching devices
10:45:42.588 [webcam-discovery-service] DEBUG com.github.sarxos.webcam.ds.buildin.WebcamDefaultDriver - Found device USB2.0 Camera 0
10:45:45.591 [webcam-discovery-service] DEBUG com.github.sarxos.webcam.ds.buildin.WebcamDefaultDriver - Searching devices
10:45:45.708 [webcam-discovery-service] DEBUG com.github.sarxos.webcam.ds.buildin.WebcamDefaultDriver - Found device USB2.0 Camera 0
10:45:48.713 [webcam-discovery-service] DEBUG com.github.sarxos.webcam.ds.buildin.WebcamDefaultDriver - Searching devices
10:45:48.841 [webcam-discovery-service] DEBUG com.github.sarxos.webcam.ds.buildin.WebcamDefaultDriver - Found device USB2.0 Camera 0
10:45:51.844 [webcam-discovery-service] DEBUG com.github.sarxos.webcam.ds.buildin.WebcamDefaultDriver - Searching devices
10:45:52.059 [webcam-discovery-service] DEBUG com.github.sarxos.webcam.ds.buildin.WebcamDefaultDriver - Found device USB2.0 Camera 0
10:45:55.062 [webcam-discovery-service] DEBUG com.github.sarxos.webcam.ds.buildin.WebcamDefaultDriver - Searching devices
10:45:55.183 [webcam-discovery-service] DEBUG com.github.sarxos.webcam.ds.buildin.WebcamDefaultDriver - Found device USB2.0 Camera 0
10:45:58.187 [webcam-discovery-service] DEBUG com.github.sarxos.webcam.ds.buildin.WebcamDefaultDriver - Searching devices
10:45:58.297 [webcam-discovery-service] DEBUG com.github.sarxos.webcam.ds.buildin.WebcamDefaultDriver - Found device USB2.0 Camera 0
10:46:01.301 [webcam-discovery-service] DEBUG com.github.sarxos.webcam.ds.buildin.WebcamDefaultDriver - Searching devices
10:46:01.331 [shutdown-hook-2] INFO com.github.sarxos.webcam.WebcamShutdownHook - Automatic USB2.0 Camera 0 deallocation
10:46:01.335 [shutdown-hook-2] INFO com.github.sarxos.webcam.Webcam - Disposing webcam USB2.0 Camera 0
10:46:01.422 [webcam-discovery-service] DEBUG com.github.sarxos.webcam.ds.buildin.WebcamDefaultDriver - Found device USB2.0 Camera 0
10:46:01.422 [atomic-processor-1] DEBUG com.github.sarxos.webcam.ds.buildin.WebcamDefaultDevice - Disposing webcam device USB2.0 Camera 0
10:46:01.427 [atomic-processor-1] DEBUG com.github.sarxos.webcam.ds.buildin.WebcamDefaultDevice - Closing webcam device
10:46:01.695 [shutdown-hook-2] DEBUG com.github.sarxos.webcam.WebcamPanel - Stopping panel rendering and closing attached webcam
10:46:01.698 [shutdown-hook-2] DEBUG com.github.sarxos.webcam.Webcam - Webcam disposed USB2.0 Camera 0
SLF4J: Class path contains multiple SLF4J bindings.
SLF4J: Found binding in [jar:file:/D:/libs/Tess4J/Tess4J-3.4.1/lib/logback-classic-1.2.3.jar!/org/slf4j/impl/StaticLoggerBinder.class]
SLF4J: Found binding in [jar:file:/D:/libs/openIMAJ/slf4j-jdk14-1.5.6.jar!/org/slf4j/impl/StaticLoggerBinder.class]
SLF4J: See http://www.slf4j.org/codes.html#multiple_bindings for an explanation.
SLF4J: Actual binding is of type [ch.qos.logback.classic.util.ContextSelectorStaticBinder]
11:10:52.195 [main] INFO com.github.sarxos.webcam.Webcam - WebcamDefaultDriver capture driver will be used
11:10:52.216 [webcam-discovery-service] DEBUG com.github.sarxos.webcam.ds.buildin.WebcamDefaultDriver - Searching devices
11:10:53.089 [webcam-discovery-service] DEBUG com.github.sarxos.webcam.ds.buildin.WebcamDefaultDriver - Found device USB2.0 Camera 0
11:10:53.331 [Thread-6] DEBUG com.github.sarxos.webcam.Webcam - Setting new resolution 640x480
11:10:53.345 [Thread-6] DEBUG com.github.sarxos.webcam.WebcamLock - Lock Webcam USB2.0 Camera 0
11:10:53.368 [atomic-processor-1] INFO com.github.sarxos.webcam.ds.cgt.WebcamOpenTask - Opening webcam USB2.0 Camera 0
11:10:53.373 [atomic-processor-1] DEBUG com.github.sarxos.webcam.ds.buildin.WebcamDefaultDevice - Opening webcam device USB2.0 Camera 0
11:10:53.377 [atomic-processor-1] DEBUG com.github.sarxos.webcam.ds.buildin.WebcamDefaultDevice - Webcam device 0 starting session, size java.awt.Dimension[width=640,height=480]
11:10:53.571 [atomic-processor-1] DEBUG com.github.sarxos.webcam.ds.buildin.WebcamDefaultDevice - Webcam device session started
11:10:53.575 [atomic-processor-1] DEBUG com.github.sarxos.webcam.ds.buildin.WebcamDefaultDevice - Initialize buffer
11:10:56.096 [webcam-discovery-service] DEBUG com.github.sarxos.webcam.ds.buildin.WebcamDefaultDriver - Searching devices
11:10:57.069 [atomic-processor-1] DEBUG com.github.sarxos.webcam.ds.buildin.WebcamDefaultDevice - Webcam device com.github.sarxos.webcam.ds.buildin.WebcamDefaultDevice@13e3faf is now open
11:10:57.077 [Thread-6] DEBUG com.github.sarxos.webcam.Webcam - Webcam is now open USB2.0 Camera 0
11:10:57.082 [Thread-6] DEBUG com.github.sarxos.webcam.WebcamPanel - Starting panel rendering and trying to open attached webcam
11:10:57.090 [Thread-6] DEBUG com.github.sarxos.webcam.Webcam - Closing webcam USB2.0 Camera 0
11:10:57.096 [webcam-discovery-service] DEBUG com.github.sarxos.webcam.ds.buildin.WebcamDefaultDriver - Found device USB2.0 Camera 0
11:10:57.109 [atomic-processor-1] INFO com.github.sarxos.webcam.ds.cgt.WebcamCloseTask - Closing USB2.0 Camera 0
11:10:57.111 [atomic-processor-1] DEBUG com.github.sarxos.webcam.ds.buildin.WebcamDefaultDevice - Closing webcam device
11:10:57.375 [Thread-6] DEBUG com.github.sarxos.webcam.WebcamLock - Unlock Webcam USB2.0 Camera 0
11:10:57.378 [webcam-lock-[USB2.0 Camera 0]] DEBUG com.github.sarxos.webcam.WebcamLock - Lock updater has been interrupted
11:10:57.404 [Thread-6] DEBUG com.github.sarxos.webcam.WebcamPanel - Stopping panel rendering and closing attached webcam
11:10:57.594 [Thread-6] DEBUG com.github.sarxos.webcam.Webcam - Webcam USB2.0 Camera 0 has been closed
11:10:57.599 [Thread-6] DEBUG com.github.sarxos.webcam.WebcamLock - Lock Webcam USB2.0 Camera 0
11:10:57.625 [atomic-processor-1] INFO com.github.sarxos.webcam.ds.cgt.WebcamOpenTask - Opening webcam USB2.0 Camera 0
11:10:57.628 [atomic-processor-1] DEBUG com.github.sarxos.webcam.ds.buildin.WebcamDefaultDevice - Opening webcam device USB2.0 Camera 0
11:10:57.632 [atomic-processor-1] DEBUG com.github.sarxos.webcam.ds.buildin.WebcamDefaultDevice - Webcam device 0 starting session, size java.awt.Dimension[width=640,height=480]
11:10:57.760 [atomic-processor-1] DEBUG com.github.sarxos.webcam.ds.buildin.WebcamDefaultDevice - Webcam device session started
11:10:57.762 [atomic-processor-1] DEBUG com.github.sarxos.webcam.ds.buildin.WebcamDefaultDevice - Initialize buffer
11:11:00.103 [webcam-discovery-service] DEBUG com.github.sarxos.webcam.ds.buildin.WebcamDefaultDriver - Searching devices
11:11:01.275 [atomic-processor-1] DEBUG com.github.sarxos.webcam.ds.buildin.WebcamDefaultDevice - Webcam device com.github.sarxos.webcam.ds.buildin.WebcamDefaultDevice@13e3faf is now open
11:11:01.282 [Thread-6] DEBUG com.github.sarxos.webcam.Webcam - Webcam is now open USB2.0 Camera 0
11:11:01.286 [Thread-6] DEBUG com.github.sarxos.webcam.WebcamPanel - Starting panel rendering and trying to open attached webcam
11:11:01.301 [webcam-discovery-service] DEBUG com.github.sarxos.webcam.ds.buildin.WebcamDefaultDriver - Found device USB2.0 Camera 0
11:11:01.311 [Thread-6] DEBUG com.github.sarxos.webcam.Webcam - Webcam is already open USB2.0 Camera 0
11:11:04.308 [webcam-discovery-service] DEBUG com.github.sarxos.webcam.ds.buildin.WebcamDefaultDriver - Searching devices
11:11:04.373 [webcam-discovery-service] DEBUG com.github.sarxos.webcam.ds.buildin.WebcamDefaultDriver - Found device USB2.0 Camera 0
11:11:04.746 [shutdown-hook-2] INFO com.github.sarxos.webcam.WebcamShutdownHook - Automatic USB2.0 Camera 0 deallocation
11:11:04.750 [shutdown-hook-2] INFO com.github.sarxos.webcam.Webcam - Disposing webcam USB2.0 Camera 0
11:11:04.849 [Thread-11] WARN com.github.sarxos.webcam.Webcam - Cannot get image, webcam has been already disposed
11:11:04.958 [atomic-processor-1] DEBUG com.github.sarxos.webcam.ds.buildin.WebcamDefaultDevice - Disposing webcam device USB2.0 Camera 0
11:11:04.962 [atomic-processor-1] DEBUG com.github.sarxos.webcam.ds.buildin.WebcamDefaultDevice - Closing webcam device
11:11:04.971 [Thread-12] WARN com.github.sarxos.webcam.Webcam - Cannot get image, webcam has been already disposed
11:11:04.973 [Thread-12] WARN com.github.sarxos.webcam.Webcam - Cannot get image, webcam has been already disposed
11:11:04.975 [Thread-12] WARN com.github.sarxos.webcam.Webcam - Cannot get image, webcam has been already disposed
11:11:04.977 [Thread-12] WARN com.github.sarxos.webcam.Webcam - Cannot get image, webcam has been already disposed
11:11:04.980 [Thread-12] WARN com.github.sarxos.webcam.Webcam - Cannot get image, webcam has been already disposed
11:11:04.982 [Thread-12] WARN com.github.sarxos.webcam.Webcam - Cannot get image, webcam has been already disposed
11:11:04.985 [Thread-12] WARN com.github.sarxos.webcam.Webcam - Cannot get image, webcam has been already disposed
11:11:04.991 [Thread-12] WARN com.github.sarxos.webcam.Webcam - Cannot get image, webcam has been already disposed
11:11:04.994 [Thread-12] WARN com.github.sarxos.webcam.Webcam - Cannot get image, webcam has been already disposed
11:11:04.996 [Thread-12] WARN com.github.sarxos.webcam.Webcam - Cannot get image, webcam has been already disposed
11:11:05.000 [Thread-12] WARN com.github.sarxos.webcam.Webcam - Cannot get image, webcam has been already disposed
11:11:05.003 [Thread-12] WARN com.github.sarxos.webcam.Webcam - Cannot get image, webcam has been already disposed
11:11:05.007 [Thread-12] WARN com.github.sarxos.webcam.Webcam - Cannot get image, webcam has been already disposed
11:11:05.009 [Thread-12] WARN com.github.sarxos.webcam.Webcam - Cannot get image, webcam has been already disposed
11:11:05.012 [Thread-12] WARN com.github.sarxos.webcam.Webcam - Cannot get image, webcam has been already disposed
11:11:05.015 [Thread-12] WARN com.github.sarxos.webcam.Webcam - Cannot get image, webcam has been already disposed
11:11:05.017 [Thread-12] WARN com.github.sarxos.webcam.Webcam - Cannot get image, webcam has been already disposed
11:11:05.020 [Thread-12] WARN com.github.sarxos.webcam.Webcam - Cannot get image, webcam has been already disposed
11:11:05.022 [Thread-12] WARN com.github.sarxos.webcam.Webcam - Cannot get image, webcam has been already disposed
11:11:05.025 [Thread-12] WARN com.github.sarxos.webcam.Webcam - Cannot get image, webcam has been already disposed
11:11:05.028 [Thread-12] WARN com.github.sarxos.webcam.Webcam - Cannot get image, webcam has been already disposed
11:11:05.031 [Thread-12] WARN com.github.sarxos.webcam.Webcam - Cannot get image, webcam has been already disposed
11:11:05.035 [Thread-12] WARN com.github.sarxos.webcam.Webcam - Cannot get image, webcam has been already disposed
11:11:05.038 [Thread-12] WARN com.github.sarxos.webcam.Webcam - Cannot get image, webcam has been already disposed
11:11:05.040 [Thread-12] WARN com.github.sarxos.webcam.Webcam - Cannot get image, webcam has been already disposed
11:11:05.042 [Thread-12] WARN com.github.sarxos.webcam.Webcam - Cannot get image, webcam has been already disposed
11:11:05.046 [Thread-12] WARN com.github.sarxos.webcam.Webcam - Cannot get image, webcam has been already disposed
11:11:05.049 [Thread-12] WARN com.github.sarxos.webcam.Webcam - Cannot get image, webcam has been already disposed
11:11:05.052 [Thread-12] WARN com.github.sarxos.webcam.Webcam - Cannot get image, webcam has been already disposed
11:11:05.054 [Thread-12] WARN com.github.sarxos.webcam.Webcam - Cannot get image, webcam has been already disposed
11:11:05.057 [Thread-12] WARN com.github.sarxos.webcam.Webcam - Cannot get image, webcam has been already disposed
11:11:05.059 [Thread-12] WARN com.github.sarxos.webcam.Webcam - Cannot get image, webcam has been already disposed
11:11:05.063 [Thread-12] WARN com.github.sarxos.webcam.Webcam - Cannot get image, webcam has been already disposed
11:11:05.066 [Thread-12] WARN com.github.sarxos.webcam.Webcam - Cannot get image, webcam has been already disposed
11:11:05.070 [Thread-12] WARN com.github.sarxos.webcam.Webcam - Cannot get image, webcam has been already disposed
11:11:05.073 [Thread-12] WARN com.github.sarxos.webcam.Webcam - Cannot get image, webcam has been already disposed
11:11:05.076 [Thread-12] WARN com.github.sarxos.webcam.Webcam - Cannot get image, webcam has been already disposed
11:11:05.080 [Thread-12] WARN com.github.sarxos.webcam.Webcam - Cannot get image, webcam has been already disposed
11:11:05.083 [Thread-12] WARN com.github.sarxos.webcam.Webcam - Cannot get image, webcam has been already disposed
11:11:05.086 [Thread-12] WARN com.github.sarxos.webcam.Webcam - Cannot get image, webcam has been already disposed
11:11:05.089 [Thread-12] WARN com.github.sarxos.webcam.Webcam - Cannot get image, webcam has been already disposed
11:11:05.093 [Thread-12] WARN com.github.sarxos.webcam.Webcam - Cannot get image, webcam has been already disposed
11:11:05.096 [Thread-12] WARN com.github.sarxos.webcam.Webcam - Cannot get image, webcam has been already disposed
11:11:05.099 [Thread-12] WARN com.github.sarxos.webcam.Webcam - Cannot get image, webcam has been already disposed
11:11:05.103 [Thread-12] WARN com.github.sarxos.webcam.Webcam - Cannot get image, webcam has been already disposed
11:11:05.106 [Thread-12] WARN com.github.sarxos.webcam.Webcam - Cannot get image, webcam has been already disposed
11:11:05.109 [Thread-12] WARN com.github.sarxos.webcam.Webcam - Cannot get image, webcam has been already disposed
11:11:05.111 [Thread-12] WARN com.github.sarxos.webcam.Webcam - Cannot get image, webcam has been already disposed
11:11:05.113 [Thread-12] WARN com.github.sarxos.webcam.Webcam - Cannot get image, webcam has been already disposed
11:11:05.115 [Thread-12] WARN com.github.sarxos.webcam.Webcam - Cannot get image, webcam has been already disposed
11:11:05.118 [Thread-12] WARN com.github.sarxos.webcam.Webcam - Cannot get image, webcam has been already disposed
11:11:05.121 [Thread-12] WARN com.github.sarxos.webcam.Webcam - Cannot get image, webcam has been already disposed
11:11:05.124 [Thread-12] WARN com.github.sarxos.webcam.Webcam - Cannot get image, webcam has been already disposed
11:11:05.128 [Thread-12] WARN com.github.sarxos.webcam.Webcam - Cannot get image, webcam has been already disposed
11:11:05.130 [Thread-12] WARN com.github.sarxos.webcam.Webcam - Cannot get image, webcam has been already disposed
11:11:05.132 [Thread-12] WARN com.github.sarxos.webcam.Webcam - Cannot get image, webcam has been already disposed
11:11:05.134 [Thread-12] WARN com.github.sarxos.webcam.Webcam - Cannot get image, webcam has been already disposed
11:11:05.137 [Thread-12] WARN com.github.sarxos.webcam.Webcam - Cannot get image, webcam has been already disposed
11:11:05.140 [Thread-12] WARN com.github.sarxos.webcam.Webcam - Cannot get image, webcam has been already disposed
11:11:05.142 [Thread-12] WARN com.github.sarxos.webcam.Webcam - Cannot get image, webcam has been already disposed
11:11:05.144 [Thread-12] WARN com.github.sarxos.webcam.Webcam - Cannot get image, webcam has been already disposed
11:11:05.147 [Thread-12] WARN com.github.sarxos.webcam.Webcam - Cannot get image, webcam has been already disposed
11:11:05.150 [Thread-12] WARN com.github.sarxos.webcam.Webcam - Cannot get image, webcam has been already disposed
11:11:05.153 [Thread-12] WARN com.github.sarxos.webcam.Webcam - Cannot get image, webcam has been already disposed
11:11:05.156 [Thread-12] WARN com.github.sarxos.webcam.Webcam - Cannot get image, webcam has been already disposed
11:11:05.159 [Thread-12] WARN com.github.sarxos.webcam.Webcam - Cannot get image, webcam has been already disposed
11:11:05.162 [Thread-12] WARN com.github.sarxos.webcam.Webcam - Cannot get image, webcam has been already disposed
11:11:05.166 [Thread-12] WARN com.github.sarxos.webcam.Webcam - Cannot get image, webcam has been already disposed
11:11:05.169 [Thread-12] WARN com.github.sarxos.webcam.Webcam - Cannot get image, webcam has been already disposed
11:11:05.171 [Thread-12] WARN com.github.sarxos.webcam.Webcam - Cannot get image, webcam has been already disposed
11:11:05.173 [Thread-12] WARN com.github.sarxos.webcam.Webcam - Cannot get image, webcam has been already disposed
11:11:05.175 [Thread-12] WARN com.github.sarxos.webcam.Webcam - Cannot get image, webcam has been already disposed
11:11:05.177 [Thread-12] WARN com.github.sarxos.webcam.Webcam - Cannot get image, webcam has been already disposed
11:11:05.180 [Thread-12] WARN com.github.sarxos.webcam.Webcam - Cannot get image, webcam has been already disposed
11:11:05.183 [Thread-12] WARN com.github.sarxos.webcam.Webcam - Cannot get image, webcam has been already disposed
11:11:05.185 [Thread-12] WARN com.github.sarxos.webcam.Webcam - Cannot get image, webcam has been already disposed
11:11:05.187 [Thread-12] WARN com.github.sarxos.webcam.Webcam - Cannot get image, webcam has been already disposed
11:11:05.189 [Thread-12] WARN com.github.sarxos.webcam.Webcam - Cannot get image, webcam has been already disposed
11:11:05.192 [Thread-12] WARN com.github.sarxos.webcam.Webcam - Cannot get image, webcam has been already disposed
11:11:05.196 [Thread-12] WARN com.github.sarxos.webcam.Webcam - Cannot get image, webcam has been already disposed
11:11:05.198 [Thread-12] WARN com.github.sarxos.webcam.Webcam - Cannot get image, webcam has been already disposed
11:11:05.203 [Thread-12] WARN com.github.sarxos.webcam.Webcam - Cannot get image, webcam has been already disposed
11:11:05.207 [Thread-12] WARN com.github.sarxos.webcam.Webcam - Cannot get image, webcam has been already disposed
11:11:05.210 [Thread-12] WARN com.github.sarxos.webcam.Webcam - Cannot get image, webcam has been already disposed
11:11:05.214 [Thread-12] WARN com.github.sarxos.webcam.Webcam - Cannot get image, webcam has been already disposed
11:11:05.217 [Thread-12] WARN com.github.sarxos.webcam.Webcam - Cannot get image, webcam has been already disposed
11:11:05.220 [Thread-12] WARN com.github.sarxos.webcam.Webcam - Cannot get image, webcam has been already disposed
11:11:05.223 [Thread-12] WARN com.github.sarxos.webcam.Webcam - Cannot get image, webcam has been already disposed
11:11:05.226 [Thread-12] WARN com.github.sarxos.webcam.Webcam - Cannot get image, webcam has been already disposed
11:11:05.229 [Thread-12] WARN com.github.sarxos.webcam.Webcam - Cannot get image, webcam has been already disposed
11:11:05.230 [shutdown-hook-2] DEBUG com.github.sarxos.webcam.WebcamPanel - Stopping panel rendering and closing attached webcam
11:11:05.232 [Thread-12] WARN com.github.sarxos.webcam.Webcam - Cannot get image, webcam has been already disposed
11:11:05.236 [shutdown-hook-2] DEBUG com.github.sarxos.webcam.Webcam - Webcam disposed USB2.0 Camera 0
11:11:05.239 [Thread-12] WARN com.github.sarxos.webcam.Webcam - Cannot get image, webcam has been already disposed
11:11:05.245 [Thread-12] WARN com.github.sarxos.webcam.Webcam - Cannot get image, webcam has been already disposed
11:11:05.248 [Thread-12] WARN com.github.sarxos.webcam.Webcam - Cannot get image, webcam has been already disposed
11:11:05.252 [Thread-12] WARN com.github.sarxos.webcam.Webcam - Cannot get image, webcam has been already disposed
11:11:05.255 [Thread-12] WARN com.github.sarxos.webcam.Webcam - CSLF4J: Class path contains multiple SLF4J bindings.
SLF4J: Found binding in [jar:file:/D:/libs/Tess4J/Tess4J-3.4.1/lib/logback-classic-1.2.3.jar!/org/slf4j/impl/StaticLoggerBinder.class]
SLF4J: Found binding in [jar:file:/D:/libs/openIMAJ/slf4j-jdk14-1.5.6.jar!/org/slf4j/impl/StaticLoggerBinder.class]
SLF4J: See http://www.slf4j.org/codes.html#multiple_bindings for an explanation.
SLF4J: Actual binding is of type [ch.qos.logback.classic.util.ContextSelectorStaticBinder]
11:16:20.180 [main] INFO com.github.sarxos.webcam.Webcam - WebcamDefaultDriver capture driver will be used
11:16:20.194 [webcam-discovery-service] DEBUG com.github.sarxos.webcam.ds.buildin.WebcamDefaultDriver - Searching devices
11:16:21.016 [webcam-discovery-service] DEBUG com.github.sarxos.webcam.ds.buildin.WebcamDefaultDriver - Found device USB2.0 Camera 0
11:16:21.248 [Thread-6] DEBUG com.github.sarxos.webcam.Webcam - Setting new resolution 640x480
11:16:21.261 [Thread-6] DEBUG com.github.sarxos.webcam.WebcamLock - Lock Webcam USB2.0 Camera 0
11:16:21.284 [atomic-processor-1] INFO com.github.sarxos.webcam.ds.cgt.WebcamOpenTask - Opening webcam USB2.0 Camera 0
11:16:21.289 [atomic-processor-1] DEBUG com.github.sarxos.webcam.ds.buildin.WebcamDefaultDevice - Opening webcam device USB2.0 Camera 0
11:16:21.293 [atomic-processor-1] DEBUG com.github.sarxos.webcam.ds.buildin.WebcamDefaultDevice - Webcam device 0 starting session, size java.awt.Dimension[width=640,height=480]
11:16:21.486 [atomic-processor-1] DEBUG com.github.sarxos.webcam.ds.buildin.WebcamDefaultDevice - Webcam device session started
11:16:21.490 [atomic-processor-1] DEBUG com.github.sarxos.webcam.ds.buildin.WebcamDefaultDevice - Initialize buffer
11:16:24.025 [webcam-discovery-service] DEBUG com.github.sarxos.webcam.ds.buildin.WebcamDefaultDriver - Searching devices
11:16:24.999 [atomic-processor-1] DEBUG com.github.sarxos.webcam.ds.buildin.WebcamDefaultDevice - Webcam device com.github.sarxos.webcam.ds.buildin.WebcamDefaultDevice@1d14d5c is now open
11:16:25.006 [Thread-6] DEBUG com.github.sarxos.webcam.Webcam - Webcam is now open USB2.0 Camera 0
11:16:25.014 [Thread-6] DEBUG com.github.sarxos.webcam.WebcamPanel - Starting panel rendering and trying to open attached webcam
11:16:25.024 [Thread-6] DEBUG com.github.sarxos.webcam.Webcam - Closing webcam USB2.0 Camera 0
11:16:25.027 [webcam-discovery-service] DEBUG com.github.sarxos.webcam.ds.buildin.WebcamDefaultDriver - Found device USB2.0 Camera 0
11:16:25.038 [atomic-processor-1] INFO com.github.sarxos.webcam.ds.cgt.WebcamCloseTask - Closing USB2.0 Camera 0
11:16:25.040 [atomic-processor-1] DEBUG com.github.sarxos.webcam.ds.buildin.WebcamDefaultDevice - Closing webcam device
11:16:25.306 [Thread-6] DEBUG com.github.sarxos.webcam.WebcamLock - Unlock Webcam USB2.0 Camera 0
11:16:25.309 [webcam-lock-[USB2.0 Camera 0]] DEBUG com.github.sarxos.webcam.WebcamLock - Lock updater has been interrupted
11:16:25.327 [Thread-6] DEBUG com.github.sarxos.webcam.WebcamPanel - Stopping panel rendering and closing attached webcam
11:16:25.333 [Thread-6] DEBUG com.github.sarxos.webcam.Webcam - Webcam USB2.0 Camera 0 has been closed
11:16:25.338 [Thread-6] DEBUG com.github.sarxos.webcam.WebcamLock - Lock Webcam USB2.0 Camera 0
11:16:25.356 [atomic-processor-1] INFO com.github.sarxos.webcam.ds.cgt.WebcamOpenTask - Opening webcam USB2.0 Camera 0
11:16:25.358 [atomic-processor-1] DEBUG com.github.sarxos.webcam.ds.buildin.WebcamDefaultDevice - Opening webcam device USB2.0 Camera 0
11:16:25.362 [atomic-processor-1] DEBUG com.github.sarxos.webcam.ds.buildin.WebcamDefaultDevice - Webcam device 0 starting session, size java.awt.Dimension[width=640,height=480]
11:16:25.480 [atomic-processor-1] DEBUG com.github.sarxos.webcam.ds.buildin.WebcamDefaultDevice - Webcam device session started
11:16:25.482 [atomic-processor-1] DEBUG com.github.sarxos.webcam.ds.buildin.WebcamDefaultDevice - Initialize buffer
11:16:28.035 [webcam-discovery-service] DEBUG com.github.sarxos.webcam.ds.buildin.WebcamDefaultDriver - Searching devices
11:16:28.978 [atomic-processor-1] DEBUG com.github.sarxos.webcam.ds.buildin.WebcamDefaultDevice - Webcam device com.github.sarxos.webcam.ds.buildin.WebcamDefaultDevice@1d14d5c is now open
11:16:28.981 [Thread-6] DEBUG com.github.sarxos.webcam.Webcam - Webcam is now open USB2.0 Camera 0
11:16:28.983 [Thread-6] DEBUG com.github.sarxos.webcam.WebcamPanel - Starting panel rendering and trying to open attached webcam
11:16:28.991 [webcam-discovery-service] DEBUG com.github.sarxos.webcam.ds.buildin.WebcamDefaultDriver - Found device USB2.0 Camera 0
11:16:29.000 [Thread-6] DEBUG com.github.sarxos.webcam.Webcam - Webcam is already open USB2.0 Camera 0
11:16:31.993 [webcam-discovery-service] DEBUG com.github.sarxos.webcam.ds.buildin.WebcamDefaultDriver - Searching devices
11:16:32.206 [webcam-discovery-service] DEBUG com.github.sarxos.webcam.ds.buildin.WebcamDefaultDriver - Found device USB2.0 Camera 0
11:16:35.210 [webcam-discovery-service] DEBUG com.github.sarxos.webcam.ds.buildin.WebcamDefaultDriver - Searching devices
11:16:35.570 [webcam-discovery-service] DEBUG com.github.sarxos.webcam.ds.buildin.WebcamDefaultDriver - Found device USB2.0 Camera 0
07662140
UPC_E
11:16:38.572 [webcam-discovery-service] DEBUG com.github.sarxos.webcam.ds.buildin.WebcamDefaultDriver - Searching devices
11:16:38.696 [webcam-discovery-service] DEBUG com.github.sarxos.webcam.ds.buildin.WebcamDefaultDriver - Found device USB2.0 Camera 0
11:16:41.700 [webcam-discovery-service] DEBUG com.github.sarxos.webcam.ds.buildin.WebcamDefaultDriver - Searching devices
11:16:41.805 [webcam-discovery-service] DEBUG com.github.sarxos.webcam.ds.buildin.WebcamDefaultDriver - Found device USB2.0 Camera 0
11:16:44.808 [webcam-discovery-service] DEBUG com.github.sarxos.webcam.ds.buildin.WebcamDefaultDriver - Searching devices
11:16:44.928 [webcam-discovery-service] DEBUG com.github.sarxos.webcam.ds.buildin.WebcamDefaultDriver - Found device USB2.0 Camera 0
11:16:47.931 [webcam-discovery-service] DEBUG com.github.sarxos.webcam.ds.buildin.WebcamDefaultDriver - Searching devices
11:16:48.048 [webcam-discovery-service] DEBUG com.github.sarxos.webcam.ds.buildin.WebcamDefaultDriver - Found device USB2.0 Camera 0
11:16:51.051 [webcam-discovery-service] DEBUG com.github.sarxos.webcam.ds.buildin.WebcamDefaultDriver - Searching devices
11:16:51.301 [webcam-discovery-service] DEBUG com.github.sarxos.webcam.ds.buildin.WebcamDefaultDriver - Found device USB2.0 Camera 0
11:16:54.305 [webcam-discovery-service] DEBUG com.github.sarxos.webcam.ds.buildin.WebcamDefaultDriver - Searching devices
11:16:54.406 [webcam-discovery-service] DEBUG com.github.sarxos.webcam.ds.buildin.WebcamDefaultDriver - Found device USB2.0 Camera 0
SLF4J: Class path contains multiple SLF4J bindings.
SLF4J: Found binding in [jar:file:/D:/libs/Tess4J/Tess4J-3.4.1/lib/logback-classic-1.2.3.jar!/org/slf4j/impl/StaticLoggerBinder.class]
SLF4J: Found binding in [jar:file:/D:/libs/openIMAJ/slf4j-jdk14-1.5.6.jar!/org/slf4j/impl/StaticLoggerBinder.class]
SLF4J: See http://www.slf4j.org/codes.html#multiple_bindings for an explanation.
SLF4J: Actual binding is of type [ch.qos.logback.classic.util.ContextSelectorStaticBinder]
11:17:56.646 [main] INFO com.github.sarxos.webcam.Webcam - WebcamDefaultDriver capture driver will be used
11:17:56.665 [webcam-discovery-service] DEBUG com.github.sarxos.webcam.ds.buildin.WebcamDefaultDriver - Searching devices
11:17:57.639 [webcam-discovery-service] DEBUG com.github.sarxos.webcam.ds.buildin.WebcamDefaultDriver - Found device USB2.0 Camera 0
11:17:57.903 [Thread-6] DEBUG com.github.sarxos.webcam.Webcam - Setting new resolution 640x480
11:17:57.921 [Thread-6] DEBUG com.github.sarxos.webcam.WebcamLock - Lock Webcam USB2.0 Camera 0
11:17:57.945 [atomic-processor-1] INFO com.github.sarxos.webcam.ds.cgt.WebcamOpenTask - Opening webcam USB2.0 Camera 0
11:17:57.949 [atomic-processor-1] DEBUG com.github.sarxos.webcam.ds.buildin.WebcamDefaultDevice - Opening webcam device USB2.0 Camera 0
11:17:57.954 [atomic-processor-1] DEBUG com.github.sarxos.webcam.ds.buildin.WebcamDefaultDevice - Webcam device 0 starting session, size java.awt.Dimension[width=640,height=480]
11:17:58.144 [atomic-processor-1] DEBUG com.github.sarxos.webcam.ds.buildin.WebcamDefaultDevice - Webcam device session started
11:17:58.149 [atomic-processor-1] DEBUG com.github.sarxos.webcam.ds.buildin.WebcamDefaultDevice - Initialize buffer
11:18:00.647 [webcam-discovery-service] DEBUG com.github.sarxos.webcam.ds.buildin.WebcamDefaultDriver - Searching devices
11:18:01.646 [atomic-processor-1] DEBUG com.github.sarxos.webcam.ds.buildin.WebcamDefaultDevice - Webcam device com.github.sarxos.webcam.ds.buildin.WebcamDefaultDevice@fe6d7c is now open
11:18:01.653 [Thread-6] DEBUG com.github.sarxos.webcam.Webcam - Webcam is now open USB2.0 Camera 0
11:18:01.659 [Thread-6] DEBUG com.github.sarxos.webcam.WebcamPanel - Starting panel rendering and trying to open attached webcam
11:18:01.667 [Thread-6] DEBUG com.github.sarxos.webcam.Webcam - Closing webcam USB2.0 Camera 0
11:18:01.670 [webcam-discovery-service] DEBUG com.github.sarxos.webcam.ds.buildin.WebcamDefaultDriver - Found device USB2.0 Camera 0
11:18:01.676 [atomic-processor-1] INFO com.github.sarxos.webcam.ds.cgt.WebcamCloseTask - Closing USB2.0 Camera 0
11:18:01.678 [atomic-processor-1] DEBUG com.github.sarxos.webcam.ds.buildin.WebcamDefaultDevice - Closing webcam device
11:18:01.930 [Thread-6] DEBUG com.github.sarxos.webcam.WebcamLock - Unlock Webcam USB2.0 Camera 0
11:18:01.932 [webcam-lock-[USB2.0 Camera 0]] DEBUG com.github.sarxos.webcam.WebcamLock - Lock updater has been interrupted
11:18:01.941 [Thread-6] DEBUG com.github.sarxos.webcam.WebcamPanel - Stopping panel rendering and closing attached webcam
11:18:02.170 [Thread-6] DEBUG com.github.sarxos.webcam.Webcam - Webcam USB2.0 Camera 0 has been closed
11:18:02.176 [Thread-6] DEBUG com.github.sarxos.webcam.WebcamLock - Lock Webcam USB2.0 Camera 0
11:18:02.193 [atomic-processor-1] INFO com.github.sarxos.webcam.ds.cgt.WebcamOpenTask - Opening webcam USB2.0 Camera 0
11:18:02.196 [atomic-processor-1] DEBUG com.github.sarxos.webcam.ds.buildin.WebcamDefaultDevice - Opening webcam device USB2.0 Camera 0
11:18:02.200 [atomic-processor-1] DEBUG com.github.sarxos.webcam.ds.buildin.WebcamDefaultDevice - Webcam device 0 starting session, size java.awt.Dimension[width=640,height=480]
11:18:02.332 [atomic-processor-1] DEBUG com.github.sarxos.webcam.ds.buildin.WebcamDefaultDevice - Webcam device session started
11:18:02.334 [atomic-processor-1] DEBUG com.github.sarxos.webcam.ds.buildin.WebcamDefaultDevice - Initialize buffer
11:18:04.674 [webcam-discovery-service] DEBUG com.github.sarxos.webcam.ds.buildin.WebcamDefaultDriver - Searching devices
11:18:05.845 [atomic-processor-1] DEBUG com.github.sarxos.webcam.ds.buildin.WebcamDefaultDevice - Webcam device com.github.sarxos.webcam.ds.buildin.WebcamDefaultDevice@fe6d7c is now open
11:18:05.852 [Thread-6] DEBUG com.github.sarxos.webcam.Webcam - Webcam is now open USB2.0 Camera 0
11:18:05.855 [Thread-6] DEBUG com.github.sarxos.webcam.WebcamPanel - Starting panel rendering and trying to open attached webcam
11:18:05.870 [webcam-discovery-service] DEBUG com.github.sarxos.webcam.ds.buildin.WebcamDefaultDriver - Found device USB2.0 Camera 0
11:18:05.875 [Thread-6] DEBUG com.github.sarxos.webcam.Webcam - Webcam is already open USB2.0 Camera 0
11:18:08.873 [webcam-discovery-service] DEBUG com.github.sarxos.webcam.ds.buildin.WebcamDefaultDriver - Searching devices
11:18:09.139 [webcam-discovery-service] DEBUG com.github.sarxos.webcam.ds.buildin.WebcamDefaultDriver - Found device USB2.0 Camera 0
11:18:12.149 [webcam-discovery-service] DEBUG com.github.sarxos.webcam.ds.buildin.WebcamDefaultDriver - Searching devices
11:18:12.327 [webcam-discovery-service] DEBUG com.github.sarxos.webcam.ds.buildin.WebcamDefaultDriver - Found device USB2.0 Camera 0
11:18:15.330 [webcam-discovery-service] DEBUG com.github.sarxos.webcam.ds.buildin.WebcamDefaultDriver - Searching devices
11:18:15.524 [webcam-discovery-service] DEBUG com.github.sarxos.webcam.ds.buildin.WebcamDefaultDriver - Found device USB2.0 Camera 0
11:18:18.527 [webcam-discovery-service] DEBUG com.github.sarxos.webcam.ds.buildin.WebcamDefaultDriver - Searching devices
11:18:18.707 [webcam-discovery-service] DEBUG com.github.sarxos.webcam.ds.buildin.WebcamDefaultDriver - Found device USB2.0 Camera 0
11:18:21.713 [webcam-discovery-service] DEBUG com.github.sarxos.webcam.ds.buildin.WebcamDefaultDriver - Searching devices
11:18:21.910 [webcam-discovery-service] DEBUG com.github.sarxos.webcam.ds.buildin.WebcamDefaultDriver - Found device USB2.0 Camera 0
11:18:24.915 [webcam-discovery-service] DEBUG com.github.sarxos.webcam.ds.buildin.WebcamDefaultDriver - Searching devices
11:18:25.090 [webcam-discovery-service] DEBUG com.github.sarxos.webcam.ds.buildin.WebcamDefaultDriver - Found device USB2.0 Camera 0
11:18:28.094 [webcam-discovery-service] DEBUG com.github.sarxos.webcam.ds.buildin.WebcamDefaultDriver - Searching devices
11:18:28.274 [webcam-discovery-service] DEBUG com.github.sarxos.webcam.ds.buildin.WebcamDefaultDriver - Found device USB2.0 Camera 0
11:18:31.276 [webcam-discovery-service] DEBUG com.github.sarxos.webcam.ds.buildin.WebcamDefaultDriver - Searching devices
11:18:31.474 [webcam-discovery-service] DEBUG com.github.sarxos.webcam.ds.buildin.WebcamDefaultDriver - Found device USB2.0 Camera 0
11:18:34.477 [webcam-discovery-service] DEBUG com.github.sarxos.webcam.ds.buildin.WebcamDefaultDriver - Searching devices
11:18:34.557 [webcam-discovery-service] DEBUG com.github.sarxos.webcam.ds.buildin.WebcamDefaultDriver - Found device USB2.0 Camera 0
11:18:34.618 [shutdown-hook-2] INFO com.github.sarxos.webcam.WebcamShutdownHook - Automatic USB2.0 Camera 0 deallocation
11:18:34.622 [shutdown-hook-2] INFO com.github.sarxos.webcam.Webcam - Disposing webcam USB2.0 Camera 0
11:18:34.763 [atomic-processor-1] DEBUG com.github.sarxos.webcam.ds.buildin.WebcamDefaultDevice - Disposing webcam device USB2.0 Camera 0
11:18:34.768 [atomic-processor-1] DEBUG com.github.sarxos.webcam.ds.buildin.WebcamDefaultDevice - Closing webcam device
11:18:34.782 [Thread-12] WARN com.github.sarxos.webcam.Webcam - Cannot get image, webcam has been already disposed
11:18:34.785 [Thread-12] WARN com.github.sarxos.webcam.Webcam - Cannot get image, webcam has been already disposed
11:18:34.788 [Thread-12] WARN com.github.sarxos.webcam.Webcam - Cannot get image, webcam has been already disposed
11:18:34.790 [Thread-12] WARN com.github.sarxos.webcam.Webcam - Cannot get image, webcam has been already disposed
11:18:34.793 [Thread-12] WARN com.github.sarxos.webcam.Webcam - Cannot get image, webcam has been already disposed
11:18:34.796 [Thread-12] WARN com.github.sarxos.webcam.Webcam - Cannot get image, webcam has been already disposed
11:18:34.798 [Thread-12] WARN com.github.sarxos.webcam.Webcam - Cannot get image, webcam has been already disposed
11:18:34.802 [Thread-12] WARN com.github.sarxos.webcam.Webcam - Cannot get image, webcam has been already disposed
11:18:34.804 [Thread-12] WARN com.github.sarxos.webcam.Webcam - Cannot get image, webcam has been already disposed
11:18:34.806 [Thread-12] WARN com.github.sarxos.webcam.Webcam - Cannot get image, webcam has been already disposed
11:18:34.809 [Thread-12] WARN com.github.sarxos.webcam.Webcam - Cannot get image, webcam has been already disposed
11:18:34.812 [Thread-12] WARN com.github.sarxos.webcam.Webcam - Cannot get image, webcam has been already disposed
11:18:34.814 [Thread-12] WARN com.github.sarxos.webcam.Webcam - Cannot get image, webcam has been already disposed
11:18:34.817 [Thread-12] WARN com.github.sarxos.webcam.Webcam - Cannot get image, webcam has been already disposed
11:18:34.819 [Thread-12] WARN com.github.sarxos.webcam.Webcam - Cannot get image, webcam has been already disposed
11:18:34.821 [Thread-12] WARN com.github.sarxos.webcam.Webcam - Cannot get image, webcam has been already disposed
11:18:34.823 [Thread-12] WARN com.github.sarxos.webcam.Webcam - Cannot get image, webcam has been already disposed
11:18:34.826 [Thread-12] WARN com.github.sarxos.webcam.Webcam - Cannot get image, webcam has been already disposed
11:18:34.829 [Thread-12] WARN com.github.sarxos.webcam.Webcam - Cannot get image, webcam has been already disposed
11:18:34.832 [Thread-12] WARN com.github.sarxos.webcam.Webcam - Cannot get image, webcam has been already disposed
11:18:34.835 [Thread-12] WARN com.github.sarxos.webcam.Webcam - Cannot get image, webcam has been already disposed
11:18:34.838 [Thread-12] WARN com.github.sarxos.webcam.Webcam - Cannot get image, webcam has been already disposed
11:18:34.841 [Thread-12] WARN com.github.sarxos.webcam.Webcam - Cannot get image, webcam has been already disposed
11:18:34.844 [Thread-12] WARN com.github.sarxos.webcam.Webcam - Cannot get image, webcam has been already disposed
11:18:34.846 [Thread-12] WARN com.github.sarxos.webcam.Webcam - Cannot get image, webcam has been already disposed
11:18:34.849 [Thread-12] WARN com.github.sarxos.webcam.Webcam - Cannot get image, webcam has been already disposed
11:18:34.852 [Thread-12] WARN com.github.sarxos.webcam.Webcam - Cannot get image, webcam has been already disposed
11:18:34.855 [Thread-12] WARN com.github.sarxos.webcam.Webcam - Cannot get image, webcam has been already disposed
11:18:34.858 [Thread-12] WARN com.github.sarxos.webcam.Webcam - Cannot get image, webcam has been already disposed
11:18:34.861 [Thread-12] WARN com.github.sarxos.webcam.Webcam - Cannot get image, webcam has been already disposed
11:18:34.864 [Thread-12] WARN com.github.sarxos.webcam.Webcam - Cannot get image, webcam has been already disposed
11:18:34.866 [Thread-12] WARN com.github.sarxos.webcam.Webcam - Cannot get image, webcam has been already disposed
11:18:34.870 [Thread-12] WARN com.github.sarxos.webcam.Webcam - Cannot get image, webcam has been already disposed
11:18:34.873 [Thread-12] WARN com.github.sarxos.webcam.Webcam - Cannot get image, webcam has been already disposed
11:18:34.876 [Thread-12] WARN com.github.sarxos.webcam.Webcam - Cannot get image, webcam has been already disposed
11:18:34.878 [Thread-12] WARN com.github.sarxos.webcam.Webcam - Cannot get image, webcam has been already disposed
11:18:34.881 [Thread-12] WARN com.github.sarxos.webcam.Webcam - Cannot get image, webcam has been already disposed
11:18:34.884 [Thread-12] WARN com.github.sarxos.webcam.Webcam - Cannot get image, webcam has been already disposed
11:18:34.890 [Thread-12] WARN com.github.sarxos.webcam.Webcam - Cannot get image, webcam has been already disposed
11:18:34.893 [Thread-12] WARN com.github.sarxos.webcam.Webcam - Cannot get image, webcam has been already disposed
11:18:34.897 [Thread-12] WARN com.github.sarxos.webcam.Webcam - Cannot get image, webcam has been already disposed
11:18:34.901 [Thread-12] WARN com.github.sarxos.webcam.Webcam - Cannot get image, webcam has been already disposed
11:18:34.904 [Thread-12] WARN com.github.sarxos.webcam.Webcam - Cannot get image, webcam has been already disposed
11:18:34.907 [Thread-12] WARN com.github.sarxos.webcam.Webcam - Cannot get image, webcam has been already disposed
11:18:34.910 [Thread-12] WARN com.github.sarxos.webcam.Webcam - Cannot get image, webcam has been already disposed
11:18:34.913 [Thread-12] WARN com.github.sarxos.webcam.Webcam - Cannot get image, webcam has been already disposed
11:18:34.915 [Thread-12] WARN com.github.sarxos.webcam.Webcam - Cannot get image, webcam has been already disposed
11:18:34.918 [Thread-12] WARN com.github.sarxos.webcam.Webcam - Cannot get image, webcam has been already disposed
11:18:34.921 [Thread-12] WARN com.github.sarxos.webcam.Webcam - Cannot get image, webcam has been already disposed
11:18:34.924 [Thread-12] WARN com.github.sarxos.webcam.Webcam - Cannot get image, webcam has been already disposed
11:18:34.928 [Thread-12] WARN com.github.sarxos.webcam.Webcam - Cannot get image, webcam has been already disposed
11:18:34.932 [Thread-12] WARN com.github.sarxos.webcam.Webcam - Cannot get image, webcam has been already disposed
11:18:34.935 [Thread-12] WARN com.github.sarxos.webcam.Webcam - Cannot get image, webcam has been already disposed
11:18:34.937 [Thread-12] WARN com.github.sarxos.webcam.Webcam - Cannot get image, webcam has been already disposed
11:18:34.940 [Thread-12] WARN com.github.sarxos.webcam.Webcam - Cannot get image, webcam has been already disposed
11:18:34.944 [Thread-12] WARN com.github.sarxos.webcam.Webcam - Cannot get image, webcam has been already disposed
11:18:34.947 [Thread-12] WARN com.github.sarxos.webcam.Webcam - Cannot get image, webcam has been already disposed
11:18:34.954 [Thread-12] WARN com.github.sarxos.webcam.Webcam - Cannot get image, webcam has been already disposed
11:18:34.956 [Thread-12] WARN com.github.sarxos.webcam.Webcam - Cannot get image, webcam has been already disposed
11:18:34.959 [Thread-12] WARN com.github.sarxos.webcam.Webcam - Cannot get image, webcam has been already disposed
11:18:34.962 [Thread-12] WARN com.github.sarxos.webcam.Webcam - Cannot get image, webcam has been already disposed
11:18:34.964 [Thread-12] WARN com.github.sarxos.webcam.Webcam - Cannot get image, webcam has been already disposed
11:18:34.966 [Thread-12] WARN com.github.sarxos.webcam.Webcam - Cannot get image, webcam has been already disposed
11:18:34.970 [Thread-12] WARN com.github.sarxos.webcam.Webcam - Cannot get image, webcam has been already disposed
11:18:34.973 [Thread-12] WARN com.github.sarxos.webcam.Webcam - Cannot get image, webcam has been already disposed
11:18:34.976 [Thread-12] WARN com.github.sarxos.webcam.Webcam - Cannot get image, webcam has been already disposed
11:18:34.979 [Thread-12] WARN com.github.sarxos.webcam.Webcam - Cannot get image, webcam has been already disposed
11:18:34.982 [Thread-12] WARN com.github.sarxos.webcam.Webcam - Cannot get image, webcam has been already disposed
11:18:34.985 [Thread-12] WARN com.github.sarxos.webcam.Webcam - Cannot get image, webcam has been already disposed
11:18:34.987 [Thread-12] WARN com.github.sarxos.webcam.Webcam - Cannot get image, webcam has been already disposed
11:18:34.989 [Thread-12] WARN com.github.sarxos.webcam.Webcam - Cannot get image, webcam has been already disposed
11:18:34.991 [Thread-12] WARN com.github.sarxos.webcam.Webcam - Cannot get image, webcam has been already disposed
11:18:34.994 [Thread-12] WARN com.github.sarxos.webcam.Webcam - Cannot get image, webcam has been already disposed
11:18:34.997 [Thread-12] WARN com.github.sarxos.webcam.Webcam - Cannot get image, webcam has been already disposed
11:18:35.000 [Thread-12] WARN com.github.sarxos.webcam.Webcam - Cannot get image, webcam has been already disposed
11:18:35.004 [Thread-12] WARN com.github.sarxos.webcam.Webcam - Cannot get image, webcam has been already disposed
11:18:35.007 [Thread-12] WARN com.github.sarxos.webcam.Webcam - Cannot get image, webcam has been already disposed
11:18:35.010 [Thread-12] WARN com.github.sarxos.webcam.Webcam - Cannot get image, webcam has been already disposed
11:18:35.014 [Thread-12] WARN com.github.sarxos.webcam.Webcam - Cannot get image, webcam has been already disposed
11:18:35.017 [Thread-12] WARN com.github.sarxos.webcam.Webcam - Cannot get image, webcam has been already disposed
11:18:35.020 [Thread-12] WARN com.github.sarxos.webcam.Webcam - Cannot get image, webcam has been already disposed
11:18:35.023 [Thread-12] WARN com.github.sarxos.webcam.Webcam - Cannot get image, webcam has been already disposed
11:18:35.025 [Thread-12] WARN com.github.sarxos.webcam.Webcam - Cannot get image, webcam has been already disposed
11:18:35.027 [Thread-12] WARN com.github.sarxos.webcam.Webcam - Cannot get image, webcam has been already disposed
11:18:35.030 [Thread-12] WARN com.github.sarxos.webcam.Webcam - Cannot get image, webcam has been already disposed
11:18:35.032 [shutdown-hook-2] DEBUG com.github.sarxos.webcam.WebcamPanel - Stopping panel rendering and closing attached webcam
11:18:35.034 [Thread-12] WARN com.github.sarxos.webcam.Webcam - Cannot get image, webcam has been already disposed
11:18:35.037 [shutdown-hook-2] DEBUG com.github.sarxos.webcam.Webcam - Webcam disposed USB2.0 Camera 0
11:18:35.039 [Thread-12] WARN com.github.sarxos.webcam.Webcam - Cannot get image, webcam has been already disposed
11:18:35.045 [Thread-12] WARN com.github.sarxos.webcam.Webcam - Cannot get image, webcam has been already disposed
11:18:35.048 [Thread-12] WARN com.github.sarxos.webcam.Webcam - Cannot get image, webcam has been already disposed
11:18:35.051 [Thread-12] WARN com.github.sarxos.webcam.Webcam - Cannot get image, webcam has been already disposed
11:18:35.055 [Thread-12] WARN com.github.sarxos.webcam.Webcam - Cannot get image, webcam has been already disposed
11:18:35.058 [Thread-12] WARN com.github.sarxos.webcSLF4J: Class path contains multiple SLF4J bindings.
SLF4J: Found binding in [jar:file:/D:/libs/Tess4J/Tess4J-3.4.1/lib/logback-classic-1.2.3.jar!/org/slf4j/impl/StaticLoggerBinder.class]
SLF4J: Found binding in [jar:file:/D:/libs/openIMAJ/slf4j-jdk14-1.5.6.jar!/org/slf4j/impl/StaticLoggerBinder.class]
SLF4J: See http://www.slf4j.org/codes.html#multiple_bindings for an explanation.
SLF4J: Actual binding is of type [ch.qos.logback.classic.util.ContextSelectorStaticBinder]
11:18:52.092 [main] INFO com.github.sarxos.webcam.Webcam - WebcamDefaultDriver capture driver will be used
11:18:52.107 [webcam-discovery-service] DEBUG com.github.sarxos.webcam.ds.buildin.WebcamDefaultDriver - Searching devices
11:18:53.071 [webcam-discovery-service] DEBUG com.github.sarxos.webcam.ds.buildin.WebcamDefaultDriver - Found device USB2.0 Camera 0
11:18:53.319 [Thread-6] DEBUG com.github.sarxos.webcam.Webcam - Setting new resolution 640x480
11:18:53.333 [Thread-6] DEBUG com.github.sarxos.webcam.WebcamLock - Lock Webcam USB2.0 Camera 0
11:18:53.355 [atomic-processor-1] INFO com.github.sarxos.webcam.ds.cgt.WebcamOpenTask - Opening webcam USB2.0 Camera 0
11:18:53.360 [atomic-processor-1] DEBUG com.github.sarxos.webcam.ds.buildin.WebcamDefaultDevice - Opening webcam device USB2.0 Camera 0
11:18:53.365 [atomic-processor-1] DEBUG com.github.sarxos.webcam.ds.buildin.WebcamDefaultDevice - Webcam device 0 starting session, size java.awt.Dimension[width=640,height=480]
11:18:53.545 [atomic-processor-1] DEBUG com.github.sarxos.webcam.ds.buildin.WebcamDefaultDevice - Webcam device session started
11:18:53.552 [atomic-processor-1] DEBUG com.github.sarxos.webcam.ds.buildin.WebcamDefaultDevice - Initialize buffer
11:18:56.079 [webcam-discovery-service] DEBUG com.github.sarxos.webcam.ds.buildin.WebcamDefaultDriver - Searching devices
11:18:57.055 [atomic-processor-1] DEBUG com.github.sarxos.webcam.ds.buildin.WebcamDefaultDevice - Webcam device com.github.sarxos.webcam.ds.buildin.WebcamDefaultDevice@115b106 is now open
11:18:57.063 [Thread-6] DEBUG com.github.sarxos.webcam.Webcam - Webcam is now open USB2.0 Camera 0
11:18:57.068 [Thread-6] DEBUG com.github.sarxos.webcam.WebcamPanel - Starting panel rendering and trying to open attached webcam
11:18:57.076 [Thread-6] DEBUG com.github.sarxos.webcam.Webcam - Closing webcam USB2.0 Camera 0
11:18:57.080 [webcam-discovery-service] DEBUG com.github.sarxos.webcam.ds.buildin.WebcamDefaultDriver - Found device USB2.0 Camera 0
11:18:57.086 [atomic-processor-1] INFO com.github.sarxos.webcam.ds.cgt.WebcamCloseTask - Closing USB2.0 Camera 0
11:18:57.088 [atomic-processor-1] DEBUG com.github.sarxos.webcam.ds.buildin.WebcamDefaultDevice - Closing webcam device
11:18:57.349 [Thread-6] DEBUG com.github.sarxos.webcam.WebcamLock - Unlock Webcam USB2.0 Camera 0
11:18:57.353 [webcam-lock-[USB2.0 Camera 0]] DEBUG com.github.sarxos.webcam.WebcamLock - Lock updater has been interrupted
11:18:57.369 [Thread-6] DEBUG com.github.sarxos.webcam.WebcamPanel - Stopping panel rendering and closing attached webcam
11:18:57.579 [Thread-6] DEBUG com.github.sarxos.webcam.Webcam - Webcam USB2.0 Camera 0 has been closed
11:18:57.583 [Thread-6] DEBUG com.github.sarxos.webcam.WebcamLock - Lock Webcam USB2.0 Camera 0
11:18:57.601 [atomic-processor-1] INFO com.github.sarxos.webcam.ds.cgt.WebcamOpenTask - Opening webcam USB2.0 Camera 0
11:18:57.605 [atomic-processor-1] DEBUG com.github.sarxos.webcam.ds.buildin.WebcamDefaultDevice - Opening webcam device USB2.0 Camera 0
11:18:57.608 [atomic-processor-1] DEBUG com.github.sarxos.webcam.ds.buildin.WebcamDefaultDevice - Webcam device 0 starting session, size java.awt.Dimension[width=640,height=480]
11:18:57.753 [atomic-processor-1] DEBUG com.github.sarxos.webcam.ds.buildin.WebcamDefaultDevice - Webcam device session started
11:18:57.758 [atomic-processor-1] DEBUG com.github.sarxos.webcam.ds.buildin.WebcamDefaultDevice - Initialize buffer
SLF4J: Class path contains multiple SLF4J bindings.
SLF4J: Found binding in [jar:file:/D:/libs/Tess4J/Tess4J-3.4.1/lib/logback-classic-1.2.3.jar!/org/slf4j/impl/StaticLoggerBinder.class]
SLF4J: Found binding in [jar:file:/D:/libs/openIMAJ/slf4j-jdk14-1.5.6.jar!/org/slf4j/impl/StaticLoggerBinder.class]
SLF4J: See http://www.slf4j.org/codes.html#multiple_bindings for an explanation.
SLF4J: Actual binding is of type [ch.qos.logback.classic.util.ContextSelectorStaticBinder]
11:19:02.087 [main] INFO com.github.sarxos.webcam.Webcam - WebcamDefaultDriver capture driver will be used
11:19:02.100 [webcam-discovery-service] DEBUG com.github.sarxos.webcam.ds.buildin.WebcamDefaultDriver - Searching devices
11:19:02.994 [webcam-discovery-service] DEBUG com.github.sarxos.webcam.ds.buildin.WebcamDefaultDriver - Found device USB2.0 Camera 0
11:19:03.338 [Thread-6] DEBUG com.github.sarxos.webcam.Webcam - Setting new resolution 640x480
11:19:03.359 [Thread-6] DEBUG com.github.sarxos.webcam.WebcamLock - Lock Webcam USB2.0 Camera 0
11:19:03.385 [atomic-processor-1] INFO com.github.sarxos.webcam.ds.cgt.WebcamOpenTask - Opening webcam USB2.0 Camera 0
11:19:03.391 [atomic-processor-1] DEBUG com.github.sarxos.webcam.ds.buildin.WebcamDefaultDevice - Opening webcam device USB2.0 Camera 0
11:19:03.397 [atomic-processor-1] DEBUG com.github.sarxos.webcam.ds.buildin.WebcamDefaultDevice - Webcam device 0 starting session, size java.awt.Dimension[width=640,height=480]
11:19:03.586 [atomic-processor-1] DEBUG com.github.sarxos.webcam.ds.buildin.WebcamDefaultDevice - Webcam device session started
11:19:03.592 [atomic-processor-1] DEBUG com.github.sarxos.webcam.ds.buildin.WebcamDefaultDevice - Initialize buffer
11:19:06.002 [webcam-discovery-service] DEBUG com.github.sarxos.webcam.ds.buildin.WebcamDefaultDriver - Searching devices
11:19:07.102 [atomic-processor-1] DEBUG com.github.sarxos.webcam.ds.buildin.WebcamDefaultDevice - Webcam device com.github.sarxos.webcam.ds.buildin.WebcamDefaultDevice@10ee49b is now open
11:19:07.109 [Thread-6] DEBUG com.github.sarxos.webcam.Webcam - Webcam is now open USB2.0 Camera 0
11:19:07.116 [Thread-6] DEBUG com.github.sarxos.webcam.WebcamPanel - Starting panel rendering and trying to open attached webcam
11:19:07.125 [Thread-6] DEBUG com.github.sarxos.webcam.Webcam - Closing webcam USB2.0 Camera 0
11:19:07.130 [webcam-discovery-service] DEBUG com.github.sarxos.webcam.ds.buildin.WebcamDefaultDriver - Found device USB2.0 Camera 0
11:19:07.136 [atomic-processor-1] INFO com.github.sarxos.webcam.ds.cgt.WebcamCloseTask - Closing USB2.0 Camera 0
11:19:07.138 [atomic-processor-1] DEBUG com.github.sarxos.webcam.ds.buildin.WebcamDefaultDevice - Closing webcam device
11:19:07.409 [Thread-6] DEBUG com.github.sarxos.webcam.WebcamLock - Unlock Webcam USB2.0 Camera 0
11:19:07.414 [webcam-lock-[USB2.0 Camera 0]] DEBUG com.github.sarxos.webcam.WebcamLock - Lock updater has been interrupted
11:19:07.428 [Thread-6] DEBUG com.github.sarxos.webcam.WebcamPanel - Stopping panel rendering and closing attached webcam
11:19:07.631 [Thread-6] DEBUG com.github.sarxos.webcam.Webcam - Webcam USB2.0 Camera 0 has been closed
11:19:07.636 [Thread-6] DEBUG com.github.sarxos.webcam.WebcamLock - Lock Webcam USB2.0 Camera 0
11:19:07.653 [atomic-processor-1] INFO com.github.sarxos.webcam.ds.cgt.WebcamOpenTask - Opening webcam USB2.0 Camera 0
11:19:07.656 [atomic-processor-1] DEBUG com.github.sarxos.webcam.ds.buildin.WebcamDefaultDevice - Opening webcam device USB2.0 Camera 0
11:19:07.659 [atomic-processor-1] DEBUG com.github.sarxos.webcam.ds.buildin.WebcamDefaultDevice - Webcam device 0 starting session, size java.awt.Dimension[width=640,height=480]
11:19:07.793 [atomic-processor-1] DEBUG com.github.sarxos.webcam.ds.buildin.WebcamDefaultDevice - Webcam device session started
11:19:07.795 [atomic-processor-1] DEBUG com.github.sarxos.webcam.ds.buildin.WebcamDefaultDevice - Initialize buffer
11:19:10.133 [webcam-discovery-service] DEBUG com.github.sarxos.webcam.ds.buildin.WebcamDefaultDriver - Searching devices
11:19:11.306 [atomic-processor-1] DEBUG com.github.sarxos.webcam.ds.buildin.WebcamDefaultDevice - Webcam device com.github.sarxos.webcam.ds.buildin.WebcamDefaultDevice@10ee49b is now open
11:19:11.314 [Thread-6] DEBUG com.github.sarxos.webcam.Webcam - Webcam is now open USB2.0 Camera 0
11:19:11.317 [Thread-6] DEBUG com.github.sarxos.webcam.WebcamPanel - Starting panel rendering and trying to open attached webcam
11:19:11.332 [webcam-discovery-service] DEBUG com.github.sarxos.webcam.ds.buildin.WebcamDefaultDriver - Found device USB2.0 Camera 0
11:19:11.339 [Thread-6] DEBUG com.github.sarxos.webcam.Webcam - Webcam is already open USB2.0 Camera 0
11:19:14.338 [webcam-discovery-service] DEBUG com.github.sarxos.webcam.ds.buildin.WebcamDefaultDriver - Searching devices
11:19:14.359 [webcam-discovery-service] DEBUG com.github.sarxos.webcam.ds.buildin.WebcamDefaultDriver - Found device USB2.0 Camera 0
11:19:17.364 [webcam-discovery-service] DEBUG com.github.sarxos.webcam.ds.buildin.WebcamDefaultDriver - Searching devices
11:19:17.581 [webcam-discovery-service] DEBUG com.github.sarxos.webcam.ds.buildin.WebcamDefaultDriver - Found device USB2.0 Camera 0
1519978757159-1519978758885
09067723
UPC_E
11:19:20.586 [webcam-discovery-service] DEBUG com.github.sarxos.webcam.ds.buildin.WebcamDefaultDriver - Searching devices
11:19:20.827 [webcam-discovery-service] DEBUG com.github.sarxos.webcam.ds.buildin.WebcamDefaultDriver - Found device USB2.0 Camera 0
11:19:23.831 [webcam-discovery-service] DEBUG com.github.sarxos.webcam.ds.buildin.WebcamDefaultDriver - Searching devices
11:19:23.945 [webcam-discovery-service] DEBUG com.github.sarxos.webcam.ds.buildin.WebcamDefaultDriver - Found device USB2.0 Camera 0
11:19:26.948 [webcam-discovery-service] DEBUG com.github.sarxos.webcam.ds.buildin.WebcamDefaultDriver - Searching devices
11:19:27.080 [webcam-discovery-service] DEBUG com.github.sarxos.webcam.ds.buildin.WebcamDefaultDriver - Found device USB2.0 Camera 0
11:19:30.082 [webcam-discovery-service] DEBUG com.github.sarxos.webcam.ds.buildin.WebcamDefaultDriver - Searching devices
11:19:30.305 [webcam-discovery-service] DEBUG com.github.sarxos.webcam.ds.buildin.WebcamDefaultDriver - Found device USB2.0 Camera 0
11:19:33.309 [webcam-discovery-service] DEBUG com.github.sarxos.webcam.ds.buildin.WebcamDefaultDriver - Searching devices
11:19:33.414 [webcam-discovery-service] DEBUG com.github.sarxos.webcam.ds.buildin.WebcamDefaultDriver - Found device USB2.0 Camera 0
11:19:36.417 [webcam-discovery-service] DEBUG com.github.sarxos.webcam.ds.buildin.WebcamDefaultDriver - Searching devices
11:19:36.442 [webcam-discovery-service] DEBUG com.github.sarxos.webcam.ds.buildin.WebcamDefaultDriver - Found device USB2.0 Camera 0
11:19:39.445 [webcam-discovery-service] DEBUG com.github.sarxos.webcam.ds.buildin.WebcamDefaultDriver - Searching devices
11:19:39.544 [webcam-discovery-service] DEBUG com.github.sarxos.webcam.ds.buildin.WebcamDefaultDriver - Found device USB2.0 Camera 0
11:19:42.547 [webcam-discovery-service] DEBUG com.github.sarxos.webcam.ds.buildin.WebcamDefaultDriver - Searching devices
11:19:42.674 [webcam-discovery-service] DEBUG com.github.sarxos.webcam.ds.buildin.WebcamDefaultDriver - Found device USB2.0 Camera 0
11:19:45.678 [webcam-discovery-service] DEBUG com.github.sarxos.webcam.ds.buildin.WebcamDefaultDriver - Searching devices
11:19:45.783 [webcam-discovery-service] DEBUG com.github.sarxos.webcam.ds.buildin.WebcamDefaultDriver - Found device USB2.0 Camera 0
11:19:48.788 [webcam-discovery-service] DEBUG com.github.sarxos.webcam.ds.buildin.WebcamDefaultDriver - Searching devices
11:19:48.919 [webcam-discovery-service] DEBUG com.github.sarxos.webcam.ds.buildin.WebcamDefaultDriver - Found device USB2.0 Camera 0
11:19:51.921 [webcam-discovery-service] DEBUG com.github.sarxos.webcam.ds.buildin.WebcamDefaultDriver - Searching devices
11:19:52.033 [webcam-discovery-service] DEBUG com.github.sarxos.webcam.ds.buildin.WebcamDefaultDriver - Found device USB2.0 Camera 0
11:19:55.039 [webcam-discovery-service] DEBUG com.github.sarxos.webcam.ds.buildin.WebcamDefaultDriver - Searching devices
11:19:55.255 [webcam-discovery-service] DEBUG com.github.sarxos.webcam.ds.buildin.WebcamDefaultDriver - Found device USB2.0 Camera 0
11:19:58.296 [webcam-discovery-service] DEBUG com.github.sarxos.webcam.ds.buildin.WebcamDefaultDriver - Searching devices
11:19:58.375 [webcam-discovery-service] DEBUG com.github.sarxos.webcam.ds.buildin.WebcamDefaultDriver - Found device USB2.0 Camera 0
11:20:01.379 [webcam-discovery-service] DEBUG com.github.sarxos.webcam.ds.buildin.WebcamDefaultDriver - Searching devices
11:20:01.506 [webcam-discovery-service] DEBUG com.github.sarxos.webcam.ds.buildin.WebcamDefaultDriver - Found device USB2.0 Camera 0
11:20:03.751 [shutdown-hook-2] INFO com.github.sarxos.webcam.WebcamShutdownHook - Automatic USB2.0 Camera 0 deallocation
11:20:03.754 [shutdown-hook-2] INFO com.github.sarxos.webcam.Webcam - Disposing webcam USB2.0 Camera 0
11:20:03.886 [atomic-processor-1] DEBUG com.github.sarxos.webcam.ds.buildin.WebcamDefaultDevice - Disposing webcam device USB2.0 Camera 0
11:20:03.890 [atomic-processor-1] DEBUG com.github.sarxos.webcam.ds.buildin.WebcamDefaultDevice - Closing webcam device
11:20:04.156 [shutdown-hook-2] DEBUG com.github.sarxos.webcam.WebcamPanel - Stopping panel rendering and closing attached webcam
11:20:04.160 [shutdown-hook-2] DEBUG com.github.sarxos.webcam.Webcam - Webcam disposed USB2.0 Camera 0
